0 verbose cli C:\Program Files\nodejs\node.exe C:\Users\hp\AppData\Roaming\npm\node_modules\npm\bin\npm-cli.js
1 info using npm@11.6.1
2 info using node@v22.16.0
3 silly config load:file:C:\Users\hp\AppData\Roaming\npm\node_modules\npm\npmrc
4 silly config load:file:C:\Users\hp\Desktop\My-Task-Manager\backend\.npmrc
5 silly config load:file:C:\Users\hp\.npmrc
6 silly config load:file:C:\Users\hp\AppData\Roaming\npm\etc\npmrc
7 verbose title npm install bcryptjs jsonwebtoken
8 verbose argv "install" "bcryptjs" "jsonwebtoken"
9 verbose logfile logs-max:10 dir:C:\Users\hp\Desktop\My-Task-Manager\backend\UsershpAppDataLocalTempnpm-cache\_logs\2025-10-21T10_40_59_829Z-
10 verbose logfile C:\Users\hp\Desktop\My-Task-Manager\backend\UsershpAppDataLocalTempnpm-cache\_logs\2025-10-21T10_40_59_829Z-debug-0.log
11 silly logfile done cleaning log files
12 silly packumentCache heap:2197815296 maxSize:549453824 maxEntrySize:274726912
13 silly idealTree buildDeps
14 silly fetch manifest bcryptjs@*
15 silly packumentCache full:https://registry.npmjs.org/bcryptjs cache-miss
16 http fetch GET 200 https://registry.npmjs.org/bcryptjs 540ms (cache miss)
17 silly packumentCache full:https://registry.npmjs.org/bcryptjs set size:undefined disposed:false
18 silly fetch manifest jsonwebtoken@*
19 silly packumentCache full:https://registry.npmjs.org/jsonwebtoken cache-miss
20 http fetch GET 200 https://registry.npmjs.org/jsonwebtoken 108ms (cache miss)
21 silly packumentCache full:https://registry.npmjs.org/jsonwebtoken set size:undefined disposed:false
22 silly placeDep ROOT bcryptjs@3.0.2 OK for: backend@1.0.0 want: *
23 silly placeDep ROOT jsonwebtoken@9.0.2 OK for: backend@1.0.0 want: *
24 silly fetch manifest jws@^3.2.2
25 silly packumentCache full:https://registry.npmjs.org/jws cache-miss
26 silly fetch manifest semver@^7.5.4
27 silly packumentCache full:https://registry.npmjs.org/semver cache-miss
28 silly fetch manifest lodash.once@^4.0.0
29 silly packumentCache full:https://registry.npmjs.org/lodash.once cache-miss
30 silly fetch manifest lodash.includes@^4.3.0
31 silly packumentCache full:https://registry.npmjs.org/lodash.includes cache-miss
32 silly fetch manifest lodash.isnumber@^3.0.3
33 silly packumentCache full:https://registry.npmjs.org/lodash.isnumber cache-miss
34 silly fetch manifest lodash.isstring@^4.0.1
35 silly packumentCache full:https://registry.npmjs.org/lodash.isstring cache-miss
36 silly fetch manifest lodash.isboolean@^3.0.3
37 silly packumentCache full:https://registry.npmjs.org/lodash.isboolean cache-miss
38 http fetch GET 200 https://registry.npmjs.org/jws 104ms (cache miss)
39 silly packumentCache full:https://registry.npmjs.org/jws set size:undefined disposed:false
40 silly fetch manifest lodash.isinteger@^4.0.4
41 silly packumentCache full:https://registry.npmjs.org/lodash.isinteger cache-miss
42 http fetch GET 200 https://registry.npmjs.org/lodash.isinteger 98ms (cache miss)
43 silly packumentCache full:https://registry.npmjs.org/lodash.isinteger set size:undefined disposed:false
44 silly fetch manifest lodash.isplainobject@^4.0.6
45 silly packumentCache full:https://registry.npmjs.org/lodash.isplainobject cache-miss
46 http fetch GET 200 https://registry.npmjs.org/lodash.includes 268ms (cache miss)
47 silly packumentCache full:https://registry.npmjs.org/lodash.includes set size:undefined disposed:false
48 http fetch GET 200 https://registry.npmjs.org/lodash.once 279ms (cache miss)
49 silly packumentCache full:https://registry.npmjs.org/lodash.once set size:undefined disposed:false
50 http fetch GET 200 https://registry.npmjs.org/lodash.isstring 289ms (cache miss)
51 silly packumentCache full:https://registry.npmjs.org/lodash.isstring set size:undefined disposed:false
52 http fetch GET 200 https://registry.npmjs.org/lodash.isboolean 293ms (cache miss)
53 silly packumentCache full:https://registry.npmjs.org/lodash.isboolean set size:undefined disposed:false
54 http fetch GET 200 https://registry.npmjs.org/lodash.isplainobject 108ms (cache miss)
55 silly packumentCache full:https://registry.npmjs.org/lodash.isplainobject set size:undefined disposed:false
56 http fetch GET 200 https://registry.npmjs.org/lodash.isnumber 324ms (cache miss)
57 silly packumentCache full:https://registry.npmjs.org/lodash.isnumber set size:undefined disposed:false
58 http fetch GET 200 https://registry.npmjs.org/semver 334ms (cache miss)
59 silly packumentCache full:https://registry.npmjs.org/semver set size:undefined disposed:false
60 silly placeDep ROOT jws@3.2.2 OK for: jsonwebtoken@9.0.2 want: ^3.2.2
61 silly placeDep ROOT lodash.includes@4.3.0 OK for: jsonwebtoken@9.0.2 want: ^4.3.0
62 silly placeDep ROOT lodash.isboolean@3.0.3 OK for: jsonwebtoken@9.0.2 want: ^3.0.3
63 silly placeDep ROOT lodash.isinteger@4.0.4 OK for: jsonwebtoken@9.0.2 want: ^4.0.4
64 silly placeDep ROOT lodash.isnumber@3.0.3 OK for: jsonwebtoken@9.0.2 want: ^3.0.3
65 silly placeDep ROOT lodash.isplainobject@4.0.6 OK for: jsonwebtoken@9.0.2 want: ^4.0.6
66 silly placeDep ROOT lodash.isstring@4.0.1 OK for: jsonwebtoken@9.0.2 want: ^4.0.1
67 silly placeDep ROOT lodash.once@4.1.1 OK for: jsonwebtoken@9.0.2 want: ^4.0.0
68 silly placeDep ROOT semver@7.7.3 OK for: jsonwebtoken@9.0.2 want: ^7.5.4
69 silly fetch manifest jwa@^1.4.1
70 silly packumentCache full:https://registry.npmjs.org/jwa cache-miss
71 http fetch GET 200 https://registry.npmjs.org/jwa 94ms (cache miss)
72 silly packumentCache full:https://registry.npmjs.org/jwa set size:undefined disposed:false
73 silly placeDep ROOT jwa@1.4.2 OK for: jws@3.2.2 want: ^1.4.1
74 silly fetch manifest ecdsa-sig-formatter@1.0.11
75 silly packumentCache full:https://registry.npmjs.org/ecdsa-sig-formatter cache-miss
76 silly fetch manifest buffer-equal-constant-time@^1.0.1
77 silly packumentCache full:https://registry.npmjs.org/buffer-equal-constant-time cache-miss
78 http fetch GET 200 https://registry.npmjs.org/buffer-equal-constant-time 100ms (cache miss)
79 silly packumentCache full:https://registry.npmjs.org/buffer-equal-constant-time set size:undefined disposed:false
80 http fetch GET 200 https://registry.npmjs.org/ecdsa-sig-formatter 107ms (cache miss)
81 silly packumentCache full:https://registry.npmjs.org/ecdsa-sig-formatter set size:undefined disposed:false
82 silly placeDep ROOT buffer-equal-constant-time@1.0.1 OK for: jwa@1.4.2 want: ^1.0.1
83 silly placeDep ROOT ecdsa-sig-formatter@1.0.11 OK for: jwa@1.4.2 want: 1.0.11
84 silly reify moves {}
85 silly audit bulk request {
85 silly audit   '@mongodb-js/saslprep': [ '1.3.2' ],
85 silly audit   '@types/webidl-conversions': [ '7.0.3' ],
85 silly audit   '@types/whatwg-url': [ '11.0.5' ],
85 silly audit   accepts: [ '2.0.0' ],
85 silly audit   'body-parser': [ '2.2.0' ],
85 silly audit   bson: [ '6.10.4' ],
85 silly audit   bytes: [ '3.1.2' ],
85 silly audit   'call-bind-apply-helpers': [ '1.0.2' ],
85 silly audit   'call-bound': [ '1.0.4' ],
85 silly audit   'content-disposition': [ '1.0.0' ],
85 silly audit   'content-type': [ '1.0.5' ],
85 silly audit   cookie: [ '0.7.2' ],
85 silly audit   'cookie-signature': [ '1.2.2' ],
85 silly audit   cors: [ '2.8.5' ],
85 silly audit   debug: [ '4.4.3' ],
85 silly audit   depd: [ '2.0.0' ],
85 silly audit   dotenv: [ '17.2.3' ],
85 silly audit   'dunder-proto': [ '1.0.1' ],
85 silly audit   'ee-first': [ '1.1.1' ],
85 silly audit   encodeurl: [ '2.0.0' ],
85 silly audit   'es-define-property': [ '1.0.1' ],
85 silly audit   'es-errors': [ '1.3.0' ],
85 silly audit   'es-object-atoms': [ '1.1.1' ],
85 silly audit   'escape-html': [ '1.0.3' ],
85 silly audit   etag: [ '1.8.1' ],
85 silly audit   express: [ '5.1.0' ],
85 silly audit   finalhandler: [ '2.1.0' ],
85 silly audit   forwarded: [ '0.2.0' ],
85 silly audit   fresh: [ '2.0.0' ],
85 silly audit   'function-bind': [ '1.1.2' ],
85 silly audit   'get-intrinsic': [ '1.3.0' ],
85 silly audit   'get-proto': [ '1.0.1' ],
85 silly audit   gopd: [ '1.2.0' ],
85 silly audit   'has-symbols': [ '1.1.0' ],
85 silly audit   hasown: [ '2.0.2' ],
85 silly audit   'http-errors': [ '2.0.0' ],
85 silly audit   statuses: [ '2.0.1', '2.0.2' ],
85 silly audit   'iconv-lite': [ '0.6.3', '0.7.0' ],
85 silly audit   inherits: [ '2.0.4' ],
85 silly audit   'ipaddr.js': [ '1.9.1' ],
85 silly audit   'is-promise': [ '4.0.0' ],
85 silly audit   kareem: [ '2.6.3' ],
85 silly audit   'math-intrinsics': [ '1.1.0' ],
85 silly audit   'media-typer': [ '1.1.0' ],
85 silly audit   'memory-pager': [ '1.5.0' ],
85 silly audit   'merge-descriptors': [ '2.0.0' ],
85 silly audit   'mime-db': [ '1.54.0' ],
85 silly audit   'mime-types': [ '3.0.1' ],
85 silly audit   mongodb: [ '6.20.0' ],
85 silly audit   'mongodb-connection-string-url': [ '3.0.2' ],
85 silly audit   mongoose: [ '8.19.1' ],
85 silly audit   mpath: [ '0.9.0' ],
85 silly audit   mquery: [ '5.0.0' ],
85 silly audit   ms: [ '2.1.3' ],
85 silly audit   negotiator: [ '1.0.0' ],
85 silly audit   'object-assign': [ '4.1.1' ],
85 silly audit   'object-inspect': [ '1.13.4' ],
85 silly audit   'on-finished': [ '2.4.1' ],
85 silly audit   once: [ '1.4.0' ],
85 silly audit   parseurl: [ '1.3.3' ],
85 silly audit   'path-to-regexp': [ '8.3.0' ],
85 silly audit   'proxy-addr': [ '2.0.7' ],
85 silly audit   punycode: [ '2.3.1' ],
85 silly audit   qs: [ '6.14.0' ],
85 silly audit   'range-parser': [ '1.2.1' ],
85 silly audit   'raw-body': [ '3.0.1' ],
85 silly audit   router: [ '2.2.0' ],
85 silly audit   'safe-buffer': [ '5.2.1' ],
85 silly audit   'safer-buffer': [ '2.1.2' ],
85 silly audit   send: [ '1.2.0' ],
85 silly audit   'serve-static': [ '2.2.0' ],
85 silly audit   setprototypeof: [ '1.2.0' ],
85 silly audit   'side-channel': [ '1.1.0' ],
85 silly audit   'side-channel-list': [ '1.0.0' ],
85 silly audit   'side-channel-map': [ '1.0.1' ],
85 silly audit   'side-channel-weakmap': [ '1.0.2' ],
85 silly audit   sift: [ '17.1.3' ],
85 silly audit   'sparse-bitfield': [ '3.0.3' ],
85 silly audit   toidentifier: [ '1.0.1' ],
85 silly audit   tr46: [ '5.1.1' ],
85 silly audit   'type-is': [ '2.0.1' ],
85 silly audit   unpipe: [ '1.0.0' ],
85 silly audit   vary: [ '1.1.2' ],
85 silly audit   'webidl-conversions': [ '7.0.0' ],
85 silly audit   'whatwg-url': [ '14.2.0' ],
85 silly audit   wrappy: [ '1.0.2' ],
85 silly audit   bcryptjs: [ '3.0.2' ],
85 silly audit   jsonwebtoken: [ '9.0.2' ],
85 silly audit   jws: [ '3.2.2' ],
85 silly audit   'lodash.includes': [ '4.3.0' ],
85 silly audit   'lodash.isboolean': [ '3.0.3' ],
85 silly audit   'lodash.isinteger': [ '4.0.4' ],
85 silly audit   'lodash.isnumber': [ '3.0.3' ],
85 silly audit   'lodash.isplainobject': [ '4.0.6' ],
85 silly audit   'lodash.isstring': [ '4.0.1' ],
85 silly audit   'lodash.once': [ '4.1.1' ],
85 silly audit   semver: [ '7.7.3' ],
85 silly audit   jwa: [ '1.4.2' ],
85 silly audit   'buffer-equal-constant-time': [ '1.0.1' ],
85 silly audit   'ecdsa-sig-formatter': [ '1.0.11' ]
85 silly audit }
86 http cache ecdsa-sig-formatter@https://registry.npmjs.org/ecdsa-sig-formatter/-/ecdsa-sig-formatter-1.0.11.tgz 0ms (cache hit)
87 http cache jwa@https://registry.npmjs.org/jwa/-/jwa-1.4.2.tgz 0ms (cache hit)
88 http cache buffer-equal-constant-time@https://registry.npmjs.org/buffer-equal-constant-time/-/buffer-equal-constant-time-1.0.1.tgz 0ms (cache hit)
89 http cache lodash.once@https://registry.npmjs.org/lodash.once/-/lodash.once-4.1.1.tgz 0ms (cache hit)
90 http cache semver@https://registry.npmjs.org/semver/-/semver-7.7.3.tgz 0ms (cache hit)
91 http cache lodash.isstring@https://registry.npmjs.org/lodash.isstring/-/lodash.isstring-4.0.1.tgz 0ms (cache hit)
92 http cache lodash.isinteger@https://registry.npmjs.org/lodash.isinteger/-/lodash.isinteger-4.0.4.tgz 1ms (cache hit)
93 http cache lodash.isplainobject@https://registry.npmjs.org/lodash.isplainobject/-/lodash.isplainobject-4.0.6.tgz 0ms (cache hit)
94 http cache lodash.isnumber@https://registry.npmjs.org/lodash.isnumber/-/lodash.isnumber-3.0.3.tgz 0ms (cache hit)
95 http cache lodash.isboolean@https://registry.npmjs.org/lodash.isboolean/-/lodash.isboolean-3.0.3.tgz 0ms (cache hit)
96 http cache lodash.includes@https://registry.npmjs.org/lodash.includes/-/lodash.includes-4.3.0.tgz 0ms (cache hit)
97 http cache jws@https://registry.npmjs.org/jws/-/jws-3.2.2.tgz 0ms (cache hit)
98 silly tarball no local data for ecdsa-sig-formatter@https://registry.npmjs.org/ecdsa-sig-formatter/-/ecdsa-sig-formatter-1.0.11.tgz. Extracting by manifest.
99 silly tarball no local data for jwa@https://registry.npmjs.org/jwa/-/jwa-1.4.2.tgz. Extracting by manifest.
100 silly tarball no local data for buffer-equal-constant-time@https://registry.npmjs.org/buffer-equal-constant-time/-/buffer-equal-constant-time-1.0.1.tgz. Extracting by manifest.
101 http cache bcryptjs@https://registry.npmjs.org/bcryptjs/-/bcryptjs-3.0.2.tgz 0ms (cache hit)
102 silly tarball no local data for lodash.once@https://registry.npmjs.org/lodash.once/-/lodash.once-4.1.1.tgz. Extracting by manifest.
103 silly tarball no local data for semver@https://registry.npmjs.org/semver/-/semver-7.7.3.tgz. Extracting by manifest.
104 silly tarball no local data for lodash.isstring@https://registry.npmjs.org/lodash.isstring/-/lodash.isstring-4.0.1.tgz. Extracting by manifest.
105 silly tarball no local data for lodash.isinteger@https://registry.npmjs.org/lodash.isinteger/-/lodash.isinteger-4.0.4.tgz. Extracting by manifest.
106 silly tarball no local data for lodash.isplainobject@https://registry.npmjs.org/lodash.isplainobject/-/lodash.isplainobject-4.0.6.tgz. Extracting by manifest.
107 silly tarball no local data for lodash.isnumber@https://registry.npmjs.org/lodash.isnumber/-/lodash.isnumber-3.0.3.tgz. Extracting by manifest.
108 silly tarball no local data for lodash.isboolean@https://registry.npmjs.org/lodash.isboolean/-/lodash.isboolean-3.0.3.tgz. Extracting by manifest.
109 silly tarball no local data for lodash.includes@https://registry.npmjs.org/lodash.includes/-/lodash.includes-4.3.0.tgz. Extracting by manifest.
110 silly tarball no local data for jws@https://registry.npmjs.org/jws/-/jws-3.2.2.tgz. Extracting by manifest.
111 http cache jsonwebtoken@https://registry.npmjs.org/jsonwebtoken/-/jsonwebtoken-9.0.2.tgz 0ms (cache hit)
112 silly tarball no local data for bcryptjs@https://registry.npmjs.org/bcryptjs/-/bcryptjs-3.0.2.tgz. Extracting by manifest.
113 silly tarball no local data for jsonwebtoken@https://registry.npmjs.org/jsonwebtoken/-/jsonwebtoken-9.0.2.tgz. Extracting by manifest.
114 http fetch GET 200 https://registry.npmjs.org/lodash.once/-/lodash.once-4.1.1.tgz 301ms (cache miss)
115 http fetch GET 200 https://registry.npmjs.org/lodash.isstring/-/lodash.isstring-4.0.1.tgz 300ms (cache miss)
116 http fetch GET 200 https://registry.npmjs.org/jwa/-/jwa-1.4.2.tgz 310ms (cache miss)
117 http fetch POST 200 https://registry.npmjs.org/-/npm/v1/security/advisories/bulk 381ms
118 silly audit report {}
119 http fetch GET 200 https://registry.npmjs.org/buffer-equal-constant-time/-/buffer-equal-constant-time-1.0.1.tgz 358ms (cache miss)
120 http fetch GET 200 https://registry.npmjs.org/lodash.isinteger/-/lodash.isinteger-4.0.4.tgz 369ms (cache miss)
121 http fetch GET 200 https://registry.npmjs.org/ecdsa-sig-formatter/-/ecdsa-sig-formatter-1.0.11.tgz 406ms (cache miss)
122 http fetch GET 200 https://registry.npmjs.org/lodash.isplainobject/-/lodash.isplainobject-4.0.6.tgz 401ms (cache miss)
123 http fetch GET 200 https://registry.npmjs.org/lodash.isboolean/-/lodash.isboolean-3.0.3.tgz 411ms (cache miss)
124 http fetch GET 200 https://registry.npmjs.org/lodash.isnumber/-/lodash.isnumber-3.0.3.tgz 416ms (cache miss)
125 http fetch GET 200 https://registry.npmjs.org/lodash.includes/-/lodash.includes-4.3.0.tgz 436ms (cache miss)
126 http fetch GET 200 https://registry.npmjs.org/jws/-/jws-3.2.2.tgz 484ms (cache miss)
127 http fetch GET 200 https://registry.npmjs.org/bcryptjs/-/bcryptjs-3.0.2.tgz 531ms (cache miss)
128 http fetch GET 200 https://registry.npmjs.org/jsonwebtoken/-/jsonwebtoken-9.0.2.tgz 535ms (cache miss)
129 http fetch GET 200 https://registry.npmjs.org/semver/-/semver-7.7.3.tgz 889ms (cache miss)
130 silly ADD node_modules/ecdsa-sig-formatter
131 silly ADD node_modules/buffer-equal-constant-time
132 silly ADD node_modules/jwa
133 silly ADD node_modules/semver
134 silly ADD node_modules/lodash.once
135 silly ADD node_modules/lodash.isstring
136 silly ADD node_modules/lodash.isplainobject
137 silly ADD node_modules/lodash.isnumber
138 silly ADD node_modules/lodash.isinteger
139 silly ADD node_modules/lodash.isboolean
140 silly ADD node_modules/lodash.includes
141 silly ADD node_modules/jws
142 silly ADD node_modules/jsonwebtoken
143 silly ADD node_modules/bcryptjs
144 verbose cwd C:\Users\hp\Desktop\My-Task-Manager\backend
145 verbose os Windows_NT 10.0.26200
146 verbose node v22.16.0
147 verbose npm  v11.6.1
148 verbose exit 0
149 info ok
