0 verbose cli C:\Program Files\nodejs\node.exe C:\Users\hp\AppData\Roaming\npm\node_modules\npm\bin\npm-cli.js
1 info using npm@11.6.1
2 info using node@v22.16.0
3 silly config load:file:C:\Users\hp\AppData\Roaming\npm\node_modules\npm\npmrc
4 silly config load:file:C:\Users\hp\Desktop\My-Task-Manager\.npmrc
5 silly config load:file:C:\Users\hp\.npmrc
6 silly config load:file:C:\Users\hp\AppData\Roaming\npm\etc\npmrc
7 verbose title npm run dev
8 verbose argv "run" "dev"
9 verbose logfile logs-max:10 dir:C:\Users\hp\Desktop\My-Task-Manager\UsershpAppDataLocalTempnpm-cache\_logs\2025-10-20T02_32_14_510Z-
10 verbose logfile C:\Users\hp\Desktop\My-Task-Manager\UsershpAppDataLocalTempnpm-cache\_logs\2025-10-20T02_32_14_510Z-debug-0.log
11 silly logfile done cleaning log files
12 http fetch GET https://registry.npmjs.org/npm attempt 1 failed with ENOENT
13 verbose stack Error: Could not read package.json: Error: ENOENT: no such file or directory, open 'C:\Users\hp\Desktop\My-Task-Manager\package.json'
13 verbose stack     at async open (node:internal/fs/promises:633:25)
13 verbose stack     at async readFile (node:internal/fs/promises:1237:14)
13 verbose stack     at async read (C:\Users\hp\AppData\Roaming\npm\node_modules\npm\node_modules\@npmcli\package-json\lib\read-package.js:9:18)
13 verbose stack     at async PackageJson.load (C:\Users\hp\AppData\Roaming\npm\node_modules\npm\node_modules\@npmcli\package-json\lib\index.js:131:31)
13 verbose stack     at async PackageJson.normalize (C:\Users\hp\AppData\Roaming\npm\node_modules\npm\node_modules\@npmcli\package-json\lib\index.js:117:5)
13 verbose stack     at async #run (C:\Users\hp\AppData\Roaming\npm\node_modules\npm\lib\commands\run.js:90:13)
13 verbose stack     at async RunScript.exec (C:\Users\hp\AppData\Roaming\npm\node_modules\npm\lib\commands\run.js:44:7)
13 verbose stack     at async Npm.exec (C:\Users\hp\AppData\Roaming\npm\node_modules\npm\lib\npm.js:208:9)
13 verbose stack     at async module.exports (C:\Users\hp\AppData\Roaming\npm\node_modules\npm\lib\cli\entry.js:67:5)
14 error code ENOENT
15 error syscall open
16 error path C:\Users\hp\Desktop\My-Task-Manager\package.json
17 error errno -4058
18 error enoent Could not read package.json: Error: ENOENT: no such file or directory, open 'C:\Users\hp\Desktop\My-Task-Manager\package.json'
19 error enoent This is related to npm not being able to find a file.
19 error enoent
20 verbose cwd C:\Users\hp\Desktop\My-Task-Manager
21 verbose os Windows_NT 10.0.26100
22 verbose node v22.16.0
23 verbose npm  v11.6.1
24 verbose exit -4058
25 verbose code -4058
26 error A complete log of this run can be found in: C:\Users\hp\Desktop\My-Task-Manager\UsershpAppDataLocalTempnpm-cache\_logs\2025-10-20T02_32_14_510Z-debug-0.log
